Arguments: 
  /usr/local/Cellar/node/11.4.0/bin/node /usr/local/Cellar/yarn/1.12.3/libexec/bin/yarn.js install

PATH: 
  /Users/evanlane/.rvm/gems/ruby-2.5.3/bin:/Users/evanlane/.rvm/gems/ruby-2.5.3@global/bin:/Users/evanlane/.rvm/rubies/ruby-2.5.3/bin:/usr/local/bin:/usr/local/Cellar/node/11.4.0/bin:/usr/bin:/bin:/usr/sbin:/sbin:/usr/local/bin:/Users/evanlane/.rvm/bin

Yarn version: 
  1.12.3

Node version: 
  11.4.0

Platform: 
  darwin x64

Trace: 
  Error: https://registry.yarnpkg.com/babel%2fcore: Request "https://registry.yarnpkg.com/babel%2fcore" returned a 405
      at Request.params.callback [as _callback] (/usr/local/Cellar/yarn/1.12.3/libexec/lib/cli.js:65903:18)
      at Request.self.callback (/usr/local/Cellar/yarn/1.12.3/libexec/lib/cli.js:129018:22)
      at Request.emit (events.js:189:13)
      at Request.<anonymous> (/usr/local/Cellar/yarn/1.12.3/libexec/lib/cli.js:129990:10)
      at Request.emit (events.js:189:13)
      at IncomingMessage.<anonymous> (/usr/local/Cellar/yarn/1.12.3/libexec/lib/cli.js:129912:12)
      at Object.onceWrapper (events.js:277:13)
      at IncomingMessage.emit (events.js:194:15)
      at endReadableNT (_stream_readable.js:1107:12)
      at process.internalTickCallback (internal/process/next_tick.js:72:19)

npm manifest: 
  {
    "name": "nycFsb",
    "version": "1.0.0",
    "main": "index.js",
    "scripts": {
      "dev": "webpack-dev-server --mode=development --open --hot",
      "build": "webpack --mode production"
    },
    "license": "MIT",
    "dependencies": {
      "react": "^16.8.1",
      "react-dom": "^16.8.1"
    },
      "resolutions": {
      "ajv": "6.8.1"
    },
    "devDependencies": {
      "@babel/core": "^7.1.2",
      "@babel/plugin-proposal-class-properties": "^7.1.0",
      "@babel/plugin-proposal-object-rest-spread": "^7.0.0",
      "@babel/plugin-transform-object-assign": "^7.0.0",
      "@babel/plugin-transform-runtime": "^7.1.0",
      "@babel/polyfill": "^7.0.0",
      "@babel/preset-env": "^7.1.0",
      "@babel/preset-react": "^7.0.0",
      "@fortawesome/fontawesome-free": "^5.4.1",
      "@fortawesome/fontawesome-svg-core": "^1.2.6",
      "@fortawesome/react-fontawesome": "^0.1.3",
      "babel/core": "^7.0.0-bridge.0",
      "babel-loader": "^8.0.5",
      "html-webpack-plugin": "^3.2.0",
      "webpack": "^4.29.3",
      "webpack-cli": "^3.2.3",
      "webpack-dev-server": "^3.1.14"
    }
  }

yarn manifest: 
  No manifest

Lockfile: 
  No lockfile
